#
# A fatal error has been detected by the Java Runtime Environment:
#
#  EXCEPTION_ACCESS_VIOLATION (0xc0000005) at pc=0x61a8236a, pid=8676, tid=0x00001624
#
# JRE version: Java(TM) SE Runtime Environment (8.0_301-b09) (build 1.8.0_301-b09)
# Java VM: Java HotSpot(TM) Client VM (25.301-b09 mixed mode, sharing windows-x86 )
# Problematic frame:
# C  [igxelpicd32.dll+0x3a236a]
#
# Failed to write core dump. Minidumps are not enabled by default on client versions of Windows
#
# If you would like to submit a bug report, please visit:
#   http://bugreport.java.com/bugreport/crash.jsp
#

---------------  T H R E A D  ---------------

Current thread (0x00f51800):  VMThread [stack: 0x04ba0000,0x04bf0000] [id=5668]

siginfo: ExceptionCode=0xc0000005, reading address 0x0002449c

Registers:
EAX=0x00000000, EBX=0x22c426f0, ECX=0x00000000, EDX=0x00000000
ESP=0x04bee81c, EBP=0x04bee868, ESI=0x00000000, EDI=0x185280a0
EIP=0x61a8236a, EFLAGS=0x00010206

Top of Stack: (sp=0x04bee81c)
0x04bee81c:   6181c1f1 185280a0 619d7160 00000000
0x04bee82c:   0115a402 77eb4c2c 7659071e 00000000
0x04bee83c:   17a244c8 00000000 77eb719c 22c3f9a8
0x04bee84c:   00000016 22c42b84 00000000 00bee85c
0x04bee85c:   04bef084 61eef677 00000000 04beea84
0x04bee86c:   61857b9b 00000000 00000000 18023c20
0x04bee87c:   18000080 04bef098 00831913 00000000
0x04bee88c:   00003b13 00150000 0028c898 020b611a 

Instructions: (pc=0x61a8236a)
0x61a8234a:   00 00 6b c1 38 03 c2 85 c0 0f 85 cf 00 00 00 0f
0x61a8235a:   57 c0 66 0f 13 45 cc 8b 45 d0 8b 75 cc 8b 55 ec
0x61a8236a:   3b 82 9c 44 02 00 8d 93 e8 00 00 00 72 15 0f 87
0x61a8237a:   50 03 00 00 8b 45 ec 3b b0 98 44 02 00 0f 87 41 


Register to memory mapping:

EAX=
[error occurred during error reporting (printing register info), id 0xc0000005]

Stack: [0x04ba0000,0x04bf0000],  sp=0x04bee81c,  free space=314k
Native frames: (J=compiled Java code, j=interpreted, Vv=VM code, C=native code)
C  [igxelpicd32.dll+0x3a236a]
C  [igxelpicd32.dll+0x177b9b]
C  [igxelpicd32.dll+0x39f80d]
C  [igxelpicd32.dll+0x2f46c7]
C  [igxelpicd32.dll+0x376d1d]
C  [igxelpicd32.dll+0x867b64]
C  [igxelpicd32.dll+0x6e90ea]
C  [igxelpicd32.dll+0x6e91cc]
C  [ntdll.dll+0x74bb6]
C  [ntdll.dll+0x3f0fe]
C  [ntdll.dll+0x3c655]
C  [ntdll.dll+0x6ab65]
C  [KERNEL32.DLL+0x28643]
C  [ucrtbase.dll+0x36604]
C  [ucrtbase.dll+0x36531]
V  [jvm.dll+0x164e81]
V  [jvm.dll+0x190228]
V  [jvm.dll+0x190689]
V  [jvm.dll+0x18f198]
V  [jvm.dll+0x18f889]
V  [jvm.dll+0x18fb42]
V  [jvm.dll+0x1cf6db]
C  [ucrtbase.dll+0x46823]
C  [KERNEL32.DLL+0x16739]
C  [ntdll.dll+0x68fef]
C  [ntdll.dll+0x68fbd]

VM_Operation (0x1772ee58): Exit, mode: safepoint, requested by thread 0x16923400


---------------  P R O C E S S  ---------------

Java Threads: ( => current thread )
  0x183ed800 JavaThread "Keep-Alive-Timer" daemon [_thread_blocked, id=4296, stack(0x217f0000,0x21840000)]
  0x16932800 JavaThread "Animation Thread" [_thread_blocked, id=7784, stack(0x17770000,0x177c0000)]
  0x16923400 JavaThread "AWT-EventQueue-1" [_thread_blocked, id=2812, stack(0x176e0000,0x17730000)]
  0x00f2d800 JavaThread "DestroyJavaVM" [_thread_blocked, id=17572, stack(0x011c0000,0x01210000)]
  0x1683bc00 JavaThread "AWT-EventQueue-0" [_thread_blocked, id=17120, stack(0x16aa0000,0x16af0000)]
  0x161d9400 JavaThread "thread applet-module6.EarthquakeCityMap.class" [_thread_blocked, id=4488, stack(0x16a10000,0x16a60000)]
  0x1616c800 JavaThread "AWT-Shutdown" [_thread_blocked, id=15040, stack(0x164c0000,0x16510000)]
  0x16169000 JavaThread "Java2D Disposer" daemon [_thread_blocked, id=11012, stack(0x16430000,0x16480000)]
  0x00ff5000 JavaThread "Service Thread" daemon [_thread_blocked, id=10312, stack(0x16090000,0x160e0000)]
  0x00fc9000 JavaThread "C1 CompilerThread0" daemon [_thread_blocked, id=9044, stack(0x16000000,0x16050000)]
  0x00fc7400 JavaThread "Attach Listener" daemon [_thread_blocked, id=1452, stack(0x15980000,0x159d0000)]
  0x00fc4000 JavaThread "Signal Dispatcher" daemon [_thread_blocked, id=11308, stack(0x14d60000,0x14db0000)]
  0x00fb3c00 JavaThread "Finalizer" daemon [_thread_blocked, id=19760, stack(0x14cd0000,0x14d20000)]
  0x00f54c00 JavaThread "Reference Handler" daemon [_thread_blocked, id=15532, stack(0x14c40000,0x14c90000)]

Other Threads:
=>0x00f51800 VMThread [stack: 0x04ba0000,0x04bf0000] [id=5668]

VM state:at safepoint (shutting down)

VM Mutex/Monitor currently owned by a thread:  ([mutex/lock_event])
[0x00f2aae8] Threads_lock - owner thread: 0x00f51800

Heap:
 def new generation   total 5888K, used 135K [0x04c00000, 0x05260000, 0x0a150000)
  eden space 5248K,   2% used [0x04c00000, 0x04c21e38, 0x05120000)
  from space 640K,   0% used [0x05120000, 0x05120000, 0x051c0000)
  to   space 640K,   0% used [0x051c0000, 0x051c0000, 0x05260000)
 tenured generation   total 12988K, used 7791K [0x0a150000, 0x0adff000, 0x14c00000)
   the space 12988K,  59% used [0x0a150000, 0x0a8ebee0, 0x0a8ec000, 0x0adff000)
 Metaspace       used 9459K, capacity 9654K, committed 9728K, reserved 10624K

Card table byte_map: [0x04a70000,0x04b00000] byte_map_base: 0x04a4a000

Polling page: 0x029c0000

CodeCache: size=32768Kb used=2388Kb max_used=2388Kb free=30379Kb
 bounds [0x029f0000, 0x02c48000, 0x049f0000]
 total_blobs=1462 nmethods=987 adapters=405
 compilation: enabled

Compilation events (10 events):
Event: 5.882 Thread 0x00fc9000  991             java.lang.ref.Finalizer::access$000 (4 bytes)
Event: 5.883 Thread 0x00fc9000 nmethod 991 0x02c44588 code [0x02c44680, 0x02c446f0]
Event: 5.883 Thread 0x00fc9000  992             java.lang.ref.Finalizer::access$100 (6 bytes)
Event: 5.883 Thread 0x00fc9000 nmethod 992 0x02c44748 code [0x02c44840, 0x02c448cc]
Event: 5.883 Thread 0x00fc9000  993   !         java.lang.ref.Finalizer::runFinalizer (62 bytes)
Event: 5.884 Thread 0x00fc9000 nmethod 993 0x02c44948 code [0x02c44a60, 0x02c44d88]
Event: 5.884 Thread 0x00fc9000  994             java.lang.ref.Finalizer::hasBeenFinalized (14 bytes)
Event: 5.885 Thread 0x00fc9000 nmethod 994 0x02c44f08 code [0x02c45000, 0x02c45090]
Event: 5.885 Thread 0x00fc9000  995   !         java.lang.ref.Finalizer::remove (94 bytes)
Event: 5.885 Thread 0x00fc9000 nmethod 995 0x02c450c8 code [0x02c451d0, 0x02c45470]

GC Heap History (10 events):
Event: 3.577 GC heap before
{Heap before GC invocations=16 (full 0):
 def new generation   total 4928K, used 4921K [0x04c00000, 0x05150000, 0x0a150000)
  eden space 4416K,  99% used [0x04c00000, 0x0504e6e0, 0x05050000)
  from space 512K, 100% used [0x05050000, 0x050d0000, 0x050d0000)
  to   space 512K,   0% used [0x050d0000, 0x050d0000, 0x05150000)
 tenured generation   total 10944K, used 7864K [0x0a150000, 0x0ac00000, 0x14c00000)
   the space 10944K,  71% used [0x0a150000, 0x0a8fe1b0, 0x0a8fe200, 0x0ac00000)
 Metaspace       used 6585K, capacity 7078K, committed 7168K, reserved 7552K
Event: 3.583 GC heap after
Heap after GC invocations=17 (full 0):
 def new generation   total 4928K, used 512K [0x04c00000, 0x05150000, 0x0a150000)
  eden space 4416K,   0% used [0x04c00000, 0x04c00000, 0x05050000)
  from space 512K, 100% used [0x050d0000, 0x05150000, 0x05150000)
  to   space 512K,   0% used [0x05050000, 0x05050000, 0x050d0000)
 tenured generation   total 10944K, used 8741K [0x0a150000, 0x0ac00000, 0x14c00000)
   the space 10944K,  79% used [0x0a150000, 0x0a9d9640, 0x0a9d9800, 0x0ac00000)
 Metaspace       used 6585K, capacity 7078K, committed 7168K, reserved 7552K
}
Event: 3.649 GC heap before
{Heap before GC invocations=17 (full 0):
 def new generation   total 4928K, used 4928K [0x04c00000, 0x05150000, 0x0a150000)
  eden space 4416K, 100% used [0x04c00000, 0x05050000, 0x05050000)
  from space 512K, 100% used [0x050d0000, 0x05150000, 0x05150000)
  to   space 512K,   0% used [0x05050000, 0x05050000, 0x050d0000)
 tenured generation   total 10944K, used 8741K [0x0a150000, 0x0ac00000, 0x14c00000)
   the space 10944K,  79% used [0x0a150000, 0x0a9d9640, 0x0a9d9800, 0x0ac00000)
 Metaspace       used 6707K, capacity 7080K, committed 7168K, reserved 7552K
Event: 3.655 GC heap after
Heap after GC invocations=18 (full 0):
 def new generation   total 4928K, used 512K [0x04c00000, 0x05150000, 0x0a150000)
  eden space 4416K,   0% used [0x04c00000, 0x04c00000, 0x05050000)
  from space 512K, 100% used [0x05050000, 0x050d0000, 0x050d0000)
  to   space 512K,   0% used [0x050d0000, 0x050d0000, 0x05150000)
 tenured generation   total 10944K, used 9421K [0x0a150000, 0x0ac00000, 0x14c00000)
   the space 10944K,  86% used [0x0a150000, 0x0aa83670, 0x0aa83800, 0x0ac00000)
 Metaspace       used 6707K, capacity 7080K, committed 7168K, reserved 7552K
}
Event: 3.705 GC heap before
{Heap before GC invocations=18 (full 0):
 def new generation   total 4928K, used 4928K [0x04c00000, 0x05150000, 0x0a150000)
  eden space 4416K, 100% used [0x04c00000, 0x05050000, 0x05050000)
  from space 512K, 100% used [0x05050000, 0x050d0000, 0x050d0000)
  to   space 512K,   0% used [0x050d0000, 0x050d0000, 0x05150000)
 tenured generation   total 10944K, used 9421K [0x0a150000, 0x0ac00000, 0x14c00000)
   the space 10944K,  86% used [0x0a150000, 0x0aa83670, 0x0aa83800, 0x0ac00000)
 Metaspace       used 6891K, capacity 7130K, committed 7168K, reserved 7552K
Event: 3.709 GC heap after
Heap after GC invocations=19 (full 0):
 def new generation   total 4928K, used 512K [0x04c00000, 0x05150000, 0x0a150000)
  eden space 4416K,   0% used [0x04c00000, 0x04c00000, 0x05050000)
  from space 512K, 100% used [0x050d0000, 0x05150000, 0x05150000)
  to   space 512K,   0% used [0x05050000, 0x05050000, 0x050d0000)
 tenured generation   total 10944K, used 9837K [0x0a150000, 0x0ac00000, 0x14c00000)
   the space 10944K,  89% used [0x0a150000, 0x0aaeb5b0, 0x0aaeb600, 0x0ac00000)
 Metaspace       used 6891K, capacity 7130K, committed 7168K, reserved 7552K
}
Event: 4.493 GC heap before
{Heap before GC invocations=19 (full 0):
 def new generation   total 4928K, used 4928K [0x04c00000, 0x05150000, 0x0a150000)
  eden space 4416K, 100% used [0x04c00000, 0x05050000, 0x05050000)
  from space 512K, 100% used [0x050d0000, 0x05150000, 0x05150000)
  to   space 512K,   0% used [0x05050000, 0x05050000, 0x050d0000)
 tenured generation   total 10944K, used 9837K [0x0a150000, 0x0ac00000, 0x14c00000)
   the space 10944K,  89% used [0x0a150000, 0x0aaeb5b0, 0x0aaeb600, 0x0ac00000)
 Metaspace       used 8542K, capacity 8726K, committed 8832K, reserved 9600K
Event: 4.499 GC heap after
Heap after GC invocations=20 (full 0):
 def new generation   total 4928K, used 512K [0x04c00000, 0x05150000, 0x0a150000)
  eden space 4416K,   0% used [0x04c00000, 0x04c00000, 0x05050000)
  from space 512K, 100% used [0x05050000, 0x050d0000, 0x050d0000)
  to   space 512K,   0% used [0x050d0000, 0x050d0000, 0x05150000)
 tenured generation   total 10944K, used 10400K [0x0a150000, 0x0ac00000, 0x14c00000)
   the space 10944K,  95% used [0x0a150000, 0x0ab78238, 0x0ab78400, 0x0ac00000)
 Metaspace       used 8542K, capacity 8726K, committed 8832K, reserved 9600K
}
Event: 5.837 GC heap before
{Heap before GC invocations=20 (full 0):
 def new generation   total 4928K, used 4928K [0x04c00000, 0x05150000, 0x0a150000)
  eden space 4416K, 100% used [0x04c00000, 0x05050000, 0x05050000)
  from space 512K, 100% used [0x05050000, 0x050d0000, 0x050d0000)
  to   space 512K,   0% used [0x050d0000, 0x050d0000, 0x05150000)
 tenured generation   total 10944K, used 10400K [0x0a150000, 0x0ac00000, 0x14c00000)
   the space 10944K,  95% used [0x0a150000, 0x0ab78238, 0x0ab78400, 0x0ac00000)
 Metaspace       used 9458K, capacity 9654K, committed 9728K, reserved 10624K
Event: 5.877 GC heap after
Heap after GC invocations=21 (full 1):
 def new generation   total 5888K, used 0K [0x04c00000, 0x05260000, 0x0a150000)
  eden space 5248K,   0% used [0x04c00000, 0x04c00000, 0x05120000)
  from space 640K,   0% used [0x05120000, 0x05120000, 0x051c0000)
  to   space 640K,   0% used [0x051c0000, 0x051c0000, 0x05260000)
 tenured generation   total 12988K, used 7791K [0x0a150000, 0x0adff000, 0x14c00000)
   the space 12988K,  59% used [0x0a150000, 0x0a8ebee0, 0x0a8ec000, 0x0adff000)
 Metaspace       used 9458K, capacity 9654K, committed 9728K, reserved 10624K
}

Deoptimization events (0 events):
No events

Classes redefined (0 events):
No events

Internal exceptions (10 events):
Event: 0.174 Thread 0x00f2d800 Exception <a 'java/lang/NoSuchFieldError': method resolution failed> (0x04d54d58) thrown at [C:\jenkins\workspace\8-2-build-windows-i586-cygwin\jdk8u301\1513\hotspot\src\share\vm\prims\methodHandles.cpp, line 1169]
Event: 0.178 Thread 0x00f2d800 Exception <a 'java/lang/NoSuchFieldError': method resolution failed> (0x04d60ef8) thrown at [C:\jenkins\workspace\8-2-build-windows-i586-cygwin\jdk8u301\1513\hotspot\src\share\vm\prims\methodHandles.cpp, line 1169]
Event: 0.258 Thread 0x00f2d800 Exception <a 'java/io/FileNotFoundException'> (0x04e1fa90) thrown at [C:\jenkins\workspace\8-2-build-windows-i586-cygwin\jdk8u301\1513\hotspot\src\share\vm\prims\jni.cpp, line 710]
Event: 0.324 Thread 0x00f2d800 Exception <a 'java/io/FileNotFoundException'> (0x04e5ef18) thrown at [C:\jenkins\workspace\8-2-build-windows-i586-cygwin\jdk8u301\1513\hotspot\src\share\vm\prims\jni.cpp, line 710]
Event: 2.306 Thread 0x16932800 Exception <a 'java/lang/InterruptedException'> (0x04ccf218) thrown at [C:\jenkins\workspace\8-2-build-windows-i586-cygwin\jdk8u301\1513\hotspot\src\share\vm\runtime\objectMonitor.cpp, line 1686]
Event: 2.339 Thread 0x16932800 Exception <a 'java/lang/reflect/InvocationTargetException'> (0x04de3fe0) thrown at [C:\jenkins\workspace\8-2-build-windows-i586-cygwin\jdk8u301\1513\hotspot\src\share\vm\runtime\reflection.cpp, line 1092]
Event: 3.011 Thread 0x16923400 Exception <a 'java/io/FileNotFoundException'> (0x050451f0) thrown at [C:\jenkins\workspace\8-2-build-windows-i586-cygwin\jdk8u301\1513\hotspot\src\share\vm\prims\jni.cpp, line 710]
Event: 3.012 Thread 0x16923400 Exception <a 'java/io/FileNotFoundException'> (0x0504be40) thrown at [C:\jenkins\workspace\8-2-build-windows-i586-cygwin\jdk8u301\1513\hotspot\src\share\vm\prims\jni.cpp, line 710]
Event: 3.725 Thread 0x16923400 Implicit null exception at 0x02b000f2 to 0x02b00381
Event: 5.815 Thread 0x16923400 Exception <a 'java/lang/ArrayIndexOutOfBoundsException': 271> (0x05004970) thrown at [C:\jenkins\workspace\8-2-build-windows-i586-cygwin\jdk8u301\1513\hotspot\src\share\vm\interpreter\interpreterRuntime.cpp, line 371]

Events (10 events):
Event: 5.877 Executing VM operation: GenCollectForAllocation done
Event: 5.877 loading class jogamp/opengl/egl/EGLDisplayUtil$1
Event: 5.877 loading class jogamp/opengl/egl/EGLDisplayUtil$1 done
Event: 5.877 loading class sun/security/ssl/SecureKey
Event: 5.878 loading class sun/security/ssl/SecureKey done
Event: 5.879 Thread 0x183ec000 Thread exited: 0x183ec000
Event: 5.880 Thread 0x00fc9000 flushing nmethod 0x02b767c8
Event: 5.909 Thread 0x1616fc00 Thread exited: 0x1616fc00
Event: 5.919 Thread 0x183ecc00 Thread exited: 0x183ecc00
Event: 5.920 Executing VM operation: Exit


Dynamic libraries:
0x00110000 - 0x0014f000 	C:\Program Files (x86)\Java\jdk1.8.0_301\jre\bin\javaw.exe
0x77e40000 - 0x77fea000 	C:\WINDOWS\SYSTEM32\ntdll.dll
0x76780000 - 0x76870000 	C:\WINDOWS\System32\KERNEL32.DLL
0x77b50000 - 0x77da7000 	C:\WINDOWS\System32\KERNELBASE.dll
0x76d90000 - 0x76e0c000 	C:\WINDOWS\System32\ADVAPI32.dll
0x76870000 - 0x76932000 	C:\WINDOWS\System32\msvcrt.dll
0x76940000 - 0x769ba000 	C:\WINDOWS\System32\sechost.dll
0x761c0000 - 0x7627b000 	C:\WINDOWS\System32\RPCRT4.dll
0x76560000 - 0x7670c000 	C:\WINDOWS\System32\USER32.dll
0x76cc0000 - 0x76cda000 	C:\WINDOWS\System32\win32u.dll
0x772f0000 - 0x77312000 	C:\WINDOWS\System32\GDI32.dll
0x760e0000 - 0x761bf000 	C:\WINDOWS\System32\gdi32full.dll
0x77db0000 - 0x77e2b000 	C:\WINDOWS\System32\msvcp_win.dll
0x769c0000 - 0x76ad2000 	C:\WINDOWS\System32\ucrtbase.dll
0x72c30000 - 0x72e53000 	C:\WINDOWS\WinSxS\x86_microsoft.windows.common-controls_6595b64144ccf1df_6.0.22000.120_none_e541a94fcce8ed6d\COMCTL32.dll
0x764a0000 - 0x764c5000 	C:\WINDOWS\System32\IMM32.DLL
0x74240000 - 0x74253000 	C:\Program Files (x86)\Java\jdk1.8.0_301\jre\bin\vcruntime140.dll
0x741d0000 - 0x7423f000 	C:\Program Files (x86)\Java\jdk1.8.0_301\jre\bin\msvcp140.dll
0x64270000 - 0x6464f000 	C:\Program Files (x86)\Java\jdk1.8.0_301\jre\bin\client\jvm.dll
0x77a80000 - 0x77a86000 	C:\WINDOWS\System32\PSAPI.DLL
0x748b0000 - 0x748e1000 	C:\WINDOWS\SYSTEM32\WINMM.dll
0x74f50000 - 0x74f58000 	C:\WINDOWS\SYSTEM32\WSOCK32.dll
0x76710000 - 0x76774000 	C:\WINDOWS\System32\WS2_32.dll
0x74f00000 - 0x74f08000 	C:\WINDOWS\SYSTEM32\VERSION.dll
0x74f10000 - 0x74f22000 	C:\WINDOWS\SYSTEM32\kernel.appcore.dll
0x74190000 - 0x7419d000 	C:\Program Files (x86)\Java\jdk1.8.0_301\jre\bin\verify.dll
0x72fe0000 - 0x73004000 	C:\Program Files (x86)\Java\jdk1.8.0_301\jre\bin\java.dll
0x72fc0000 - 0x72fd4000 	C:\Program Files (x86)\Java\jdk1.8.0_301\jre\bin\zip.dll
0x77400000 - 0x77a02000 	C:\WINDOWS\System32\SHELL32.dll
0x75350000 - 0x759f2000 	C:\WINDOWS\SYSTEM32\windows.storage.dll
0x76e10000 - 0x7709b000 	C:\WINDOWS\System32\combase.dll
0x74fa0000 - 0x7508a000 	C:\WINDOWS\SYSTEM32\wintypes.dll
0x76010000 - 0x760d1000 	C:\WINDOWS\System32\SHCORE.dll
0x770a0000 - 0x770ea000 	C:\WINDOWS\System32\shlwapi.dll
0x74f30000 - 0x74f48000 	C:\WINDOWS\SYSTEM32\profapi.dll
0x62ee0000 - 0x6302b000 	C:\Program Files (x86)\Java\jdk1.8.0_301\jre\bin\awt.dll
0x77240000 - 0x772dc000 	C:\WINDOWS\System32\OLEAUT32.dll
0x74260000 - 0x74300000 	C:\WINDOWS\SYSTEM32\apphelp.dll
0x6cc40000 - 0x6cc67000 	C:\WINDOWS\system32\DWMAPI.DLL
0x72b90000 - 0x72c12000 	C:\WINDOWS\system32\uxtheme.dll
0x62e00000 - 0x62ee0000 	C:\WINDOWS\system32\opengl32.dll
0x72f70000 - 0x72fb1000 	C:\WINDOWS\SYSTEM32\GLU32.dll
0x6ca90000 - 0x6cabe000 	C:\WINDOWS\SYSTEM32\dxcore.dll
0x77320000 - 0x773fa000 	C:\WINDOWS\System32\MSCTF.dll
0x770f0000 - 0x7723d000 	C:\WINDOWS\System32\ole32.dll
0x76c50000 - 0x76cb4000 	C:\WINDOWS\System32\bcryptPrimitives.dll
0x72f30000 - 0x72f6d000 	C:\Program Files (x86)\Java\jdk1.8.0_301\jre\bin\fontmanager.dll
0x72f10000 - 0x72f27000 	C:\Program Files (x86)\Java\jdk1.8.0_301\jre\bin\net.dll
0x74e40000 - 0x74e90000 	C:\WINDOWS\system32\mswsock.dll
0x73b70000 - 0x73b7f000 	C:\Program Files (x86)\Java\jdk1.8.0_301\jre\bin\nio.dll
0x64af0000 - 0x64b27000 	C:\Program Files (x86)\Java\jdk1.8.0_301\jre\bin\t2k.dll
0x65160000 - 0x65241000 	C:\WINDOWS\SYSTEM32\textinputframework.dll
0x74d60000 - 0x74d73000 	C:\WINDOWS\SYSTEM32\CRYPTSP.dll
0x74d30000 - 0x74d5f000 	C:\WINDOWS\system32\rsaenh.dll
0x74700000 - 0x7471f000 	C:\WINDOWS\SYSTEM32\USERENV.dll
0x74f80000 - 0x74f99000 	C:\WINDOWS\SYSTEM32\bcrypt.dll
0x74ca0000 - 0x74cab000 	C:\WINDOWS\SYSTEM32\CRYPTBASE.dll
0x75ba0000 - 0x75bc4000 	C:\WINDOWS\SYSTEM32\IPHLPAPI.DLL
0x772e0000 - 0x772e7000 	C:\WINDOWS\System32\NSI.dll
0x74320000 - 0x74335000 	C:\WINDOWS\SYSTEM32\dhcpcsvc6.DLL
0x74300000 - 0x74317000 	C:\WINDOWS\SYSTEM32\dhcpcsvc.DLL
0x74be0000 - 0x74c8f000 	C:\WINDOWS\SYSTEM32\DNSAPI.dll
0x637c0000 - 0x637cb000 	C:\Users\HP\AppData\Local\Temp\jogamp_0000\file_cache\jln7713013009313116684\jln6211850403618938061\gluegen-rt.dll
0x72f00000 - 0x72f06000 	C:\Program Files (x86)\Java\jdk1.8.0_301\jre\bin\jawt.dll
0x6a440000 - 0x6a44b000 	C:\Users\HP\AppData\Local\Temp\jogamp_0000\file_cache\jln7713013009313116684\jln6211850403618938061\nativewindow_awt.dll
0x6c100000 - 0x6c10d000 	C:\Users\HP\AppData\Local\Temp\jogamp_0000\file_cache\jln7713013009313116684\jln6211850403618938061\nativewindow_win32.dll
0x17bc0000 - 0x17c52000 	C:\Users\HP\AppData\Local\Temp\jogamp_0000\file_cache\jln7713013009313116684\jln6211850403618938061\jogl_desktop.dll
0x6c610000 - 0x6c648000 	C:\WINDOWS\SYSTEM32\directxdatabasehelper.dll
0x75a00000 - 0x75a29000 	C:\WINDOWS\SYSTEM32\ntmarta.dll
0x764d0000 - 0x76552000 	C:\WINDOWS\System32\clbcatq.dll
0x68f70000 - 0x691a0000 	C:\Windows\System32\iertutil.dll
0x616e0000 - 0x623c4000 	C:\WINDOWS\System32\DriverStore\FileRepository\iigd_dch.inf_amd64_00352e148f6a4096\igxelpicd32.dll
0x62c50000 - 0x62d1c000 	C:\WINDOWS\system32\dxgi.dll
0x626f0000 - 0x62a77000 	C:\WINDOWS\System32\DriverStore\FileRepository\iigd_dch.inf_amd64_00352e148f6a4096\igdml32.dll
0x6c650000 - 0x6c943000 	C:\WINDOWS\System32\DriverStore\FileRepository\iigd_dch.inf_amd64_00352e148f6a4096\igdgmm32.dll
0x1c8a0000 - 0x1f2d6000 	C:\WINDOWS\System32\DriverStore\FileRepository\iigd_dch.inf_amd64_00352e148f6a4096\igc32.dll
0x75a30000 - 0x75a75000 	C:\WINDOWS\SYSTEM32\powrprof.dll
0x74f60000 - 0x74f6e000 	C:\WINDOWS\SYSTEM32\UMPDC.dll
0x73010000 - 0x730db000 	C:\WINDOWS\SYSTEM32\CoreMessaging.dll
0x64650000 - 0x648e3000 	C:\WINDOWS\SYSTEM32\CoreUIComponents.dll
0x64ac0000 - 0x64ae3000 	C:\Program Files (x86)\Java\jdk1.8.0_301\jre\bin\sunec.dll
0x625a0000 - 0x625a8000 	C:\Windows\System32\rasadhlp.dll
0x623d0000 - 0x6242b000 	C:\WINDOWS\System32\fwpuclnt.dll
0x72ef0000 - 0x72efb000 	C:\Program Files (x86)\Java\jdk1.8.0_301\jre\bin\sunmscapi.dll
0x76340000 - 0x7643e000 	C:\WINDOWS\System32\CRYPT32.dll
0x64240000 - 0x64262000 	C:\WINDOWS\SYSTEM32\ncrypt.dll
0x64210000 - 0x64238000 	C:\WINDOWS\SYSTEM32\NTASN1.dll
0x64010000 - 0x641d7000 	C:\WINDOWS\SYSTEM32\dbghelp.dll

VM Arguments:
jvm_args: -Djava.security.policy=java.policy.applet -Dfile.encoding=Cp1252 
java_command: sun.applet.AppletViewer module6.EarthquakeCityMap1653517760599.html
java_class_path (initial): C:\Users\HP\eclipse-workspace\UCSDUnfoldingMaps\build;C:\Users\HP\eclipse-workspace\UCSDUnfoldingMaps\lib\core.jar;C:\Users\HP\eclipse-workspace\UCSDUnfoldingMaps\lib\gluegen-rt.jar;C:\Users\HP\eclipse-workspace\UCSDUnfoldingMaps\lib\jogl-all.jar;C:\Users\HP\eclipse-workspace\UCSDUnfoldingMaps\lib\log4j-1.2.15.jar;C:\Users\HP\eclipse-workspace\UCSDUnfoldingMaps\lib\sqlite-jdbc-3.7.2.jar;C:\Users\HP\eclipse-workspace\UCSDUnfoldingMaps\lib\json4processing.jar;C:\Users\HP\eclipse-workspace\UCSDUnfoldingMaps\lib\libTUIO.jar;C:\Users\HP\eclipse-workspace\UCSDUnfoldingMaps\lib\unfolding.0.9.7-uscd.jar
Launcher Type: SUN_STANDARD

Environment Variables:
JAVA_HOME=C:\PROGRA~2\Java\JDK18~1.0_3
CLASSPATH=.;D:\SOFTWARES\apache-tomcat-8.5.40\lib\servlet-api.jar;D:\SOFTWARES\apache-tomcat-8.5.40\lib\jsp-api.jar;D:\SOFTWARES\mysql-connector-java-5.0.8-bin.jar;D:\SOFTWARES\apache-tomcat-8.5.40\webapps\WEBProject\WEB-INF\classes\;
PATH=C:/Users/HP/.p2/pool/plugins/org.eclipse.justj.openjdk.hotspot.jre.full.win32.x86_64_17.0.2.v20220201-1208/jre/bin/server;C:/Users/HP/.p2/pool/plugins/org.eclipse.justj.openjdk.hotspot.jre.full.win32.x86_64_17.0.2.v20220201-1208/jre/bin;C:\Program Files (x86)\NVIDIA Corporation\PhysX\Common;C:\Program Files (x86)\Common Files\Oracle\Java\javapath;C:\WINDOWS\system32;C:\WINDOWS;C:\WINDOWS\System32\Wbem;C:\WINDOWS\System32\WindowsPowerShell\v1.0\;C:\WINDOWS\System32\OpenSSH\;C:\Program Files\PuTTY\;C:\Program Files\Microsoft SQL Server\130\Tools\Binn\;C:\Program Files\Git\cmd;C:\Users\HP\AppData\Local\Microsoft\WindowsApps;C:\spark-3.1.2-bin-hadoop3.2\bin;C:\Program Files (x86)\Java\jdk1.8.0_301\bin;C:\Users\HP\AppData\Local\atom\bin;C:\Users\HP\AppData\Local\Microsoft\WindowsApps;C:\Windows\Microsoft.NET\Framework\v4.0.30319;C:\Users\HP\AppData\Local\Programs\Microsoft VS Code\bin;C:\Program Files (x86)\Brackets\;C:\Users\HP\AppData\Local\GitHubDesktop\bin;C:\WINDOWS\System32;
USERNAME=HP
OS=Windows_NT
PROCESSOR_IDENTIFIER=Intel64 Family 6 Model 140 Stepping 1, GenuineIntel



---------------  S Y S T E M  ---------------

OS: Windows 10.0 , 64 bit Build 22000 (10.0.22000.675)

CPU:total 8 (initial active 8) (4 cores per cpu, 2 threads per core) family 6 model 140 stepping 1, cmov, cx8, fxsr, mmx, sse, sse2, sse3, ssse3, sse4.1, sse4.2, popcnt, avx, avx2, aes, clmul, erms, 3dnowpref, lzcnt, ht, tsc, tscinvbit, bmi1, bmi2, adx

Memory: 4k page, physical 12255496k(4157096k free), swap 14090504k(5135952k free)

vm_info: Java HotSpot(TM) Client VM (25.301-b09) for windows-x86 JRE (1.8.0_301-b09), built on Jun  9 2021 06:48:25 by "java_re" with MS VC++ 15.9 (VS2017)

time: Thu May 26 03:29:26 2022
timezone: Pakistan Standard Time
elapsed time: 6.126691 seconds (0d 0h 0m 6s)

